[debug] [2021-04-14T06:21:58.364Z] ----------------------------------------------------------------------
[debug] [2021-04-14T06:21:58.371Z] Command:       C:\Program Files\nodejs\node.exe C:\Users\mahfu\AppData\Roaming\npm\node_modules\firebase-tools\lib\bin\firebase.js init
[debug] [2021-04-14T06:21:58.373Z] CLI Version:   9.9.0
[debug] [2021-04-14T06:21:58.373Z] Platform:      win32
[debug] [2021-04-14T06:21:58.373Z] Node Version:  v14.15.3
[debug] [2021-04-14T06:21:58.378Z] Time:          Wed Apr 14 2021 12:21:58 GMT+0600 (Bangladesh Standard Time)
[debug] [2021-04-14T06:21:58.379Z] ----------------------------------------------------------------------
[debug] 
[debug] [2021-04-14T06:21:58.404Z] > command requires scopes: ["email","openid","https://www.googleapis.com/auth/cloudplatformprojects.readonly","https://www.googleapis.com/auth/firebase","https://www.googleapis.com/auth/cloud-platform"]
[debug] [2021-04-14T06:21:58.405Z] > authorizing via signed-in user (mahfuzuralam@gmail.com)
[info] 
     ######## #### ########  ######## ########     ###     ######  ########
     ##        ##  ##     ## ##       ##     ##  ##   ##  ##       ##
     ######    ##  ########  ######   ########  #########  ######  ######
     ##        ##  ##    ##  ##       ##     ## ##     ##       ## ##
     ##       #### ##     ## ######## ########  ##     ##  ######  ########

You're about to initialize a Firebase project in this directory:

  C:\Web Development Course\Projects\Doctor Portal\client

Before we get started, keep in mind:

  * You are currently outside your home directory

